[2019-11-02T00:00:13.116] [ERROR] trappsporte - [action: create][msg: {}][line:30:C:\Development\gaz\backend\app\services\service.js]
[2019-11-02T00:02:16.003] [ERROR] trappsporte - [action: create][msg: {}][line:32:C:\Development\gaz\backend\app\services\service.js]
[2019-11-02T00:02:30.719] [ERROR] trappsporte - [action: create][msg: {}][line:32:C:\Development\gaz\backend\app\services\service.js]
[2019-11-02T00:02:32.926] [ERROR] trappsporte - [action: create][msg: {}][line:32:C:\Development\gaz\backend\app\services\service.js]
[2019-11-02T00:03:27.087] [INFO] trappsporte - [action: validation][msg: nombre es requerido][line:16:C:\Development\gaz\backend\app\utils\validator.js]
[2019-11-02T00:03:37.531] [INFO] trappsporte - [action: validation][msg: nombre debe contener solo letras][line:16:C:\Development\gaz\backend\app\utils\validator.js]
[2019-11-02T00:04:18.067] [WARN] trappsporte - [action: validation][msg: Incorrect integer value: 'trues' for column 'active' at row 1][line:18:C:\Development\gaz\backend\app\utils\validator.js]
[2019-11-02T00:05:30.255] [WARN] trappsporte - [action: validation][msg: Incorrect integer value: 'trues' for column 'active' at row 1][line:19:C:\Development\gaz\backend\app\utils\validator.js]
[2019-11-02T00:09:30.147] [WARN] trappsporte - [action: validation][msg: Incorrect integer value: 'trues' for column 'active' at row 1][line:19:C:\Development\gaz\backend\app\utils\validator.js]
[2019-11-02T00:09:55.103] [WARN] trappsporte - [action: validation][msg: Incorrect integer value: 'trues' for column 'active' at row 1][line:19:C:\Development\gaz\backend\app\utils\validator.js]
[2019-11-02T00:10:28.311] [WARN] trappsporte - [action: validation][msg: Incorrect integer value: 'trues' for column 'active' at row 1][line:19:C:\Development\gaz\backend\app\utils\validator.js]
[2019-11-02T00:11:37.662] [INFO] trappsporte - [action: validation][msg: activo debe ser verdadero o falso][line:17:C:\Development\gaz\backend\app\utils\validator.js]
[2019-11-02T00:13:30.144] [WARN] trappsporte - [action: validation][msg: Incorrect integer value: 'trues' for column 'active' at row 1][line:19:C:\Development\gaz\backend\app\utils\validator.js]
[2019-11-02T00:14:08.039] [WARN] trappsporte - [action: validation][msg: Catch statement predicate: expecting an object but got [object Undefined]][line:19:C:\Development\gaz\backend\app\utils\validator.js]
[2019-11-02T00:15:02.469] [WARN] trappsporte - [action: validation][msg: Catch statement predicate: expecting an object but got [object Undefined]][line:21:C:\Development\gaz\backend\app\utils\validator.js]
[2019-11-02T00:16:01.563] [WARN] trappsporte - [action: validation][msg: Incorrect integer value: 'trues' for column 'active' at row 1][line:21:C:\Development\gaz\backend\app\utils\validator.js]
[2019-11-02T00:18:47.749] [ERROR] trappsporte - [action: validation][msg: activo debe ser verdadero o falso][line:16:C:\Development\gaz\backend\app\utils\validator.js]
[2019-11-02T07:42:26.798] [ERROR] trappsporte - [action: validation][msg: nombre es requerido][line:16:C:\Development\gaz\backend\app\utils\validator.js]
[2019-11-02T07:42:34.737] [ERROR] trappsporte - [action: validation][msg: activo debe ser verdadero o falso][line:16:C:\Development\gaz\backend\app\utils\validator.js]
[2019-11-02T07:42:54.176] [ERROR] trappsporte - [action: validation][msg: nombre es requerido][line:16:C:\Development\gaz\backend\app\utils\validator.js]
[2019-11-02T07:44:04.798] [ERROR] trappsporte - [action: validation][msg: activo debe ser verdadero o falso][line:16:C:\Development\gaz\backend\app\utils\validator.js]
[2019-11-02T07:45:20.527] [ERROR] trappsporte - [action: create][msg: {"name":"SequelizeDatabaseError","parent":{"code":"ER_NO_SUCH_TABLE","errno":1146,"sqlState":"42S02","sqlMessage":"Table 'gaz.profilesses' doesn't exist","sql":"INSERT INTO `profilesses` (`id`,`name`,`active`,`created_at`,`updated_at`) VALUES (DEFAULT,?,?,?,?);","parameters":["Pruebas",true,"2019-11-02 12:45:20","2019-11-02 12:45:20"]},"original":{"code":"ER_NO_SUCH_TABLE","errno":1146,"sqlState":"42S02","sqlMessage":"Table 'gaz.profilesses' doesn't exist","sql":"INSERT INTO `profilesses` (`id`,`name`,`active`,`created_at`,`updated_at`) VALUES (DEFAULT,?,?,?,?);","parameters":["Pruebas",true,"2019-11-02 12:45:20","2019-11-02 12:45:20"]},"sql":"INSERT INTO `profilesses` (`id`,`name`,`active`,`created_at`,`updated_at`) VALUES (DEFAULT,?,?,?,?);","parameters":["Pruebas",true,"2019-11-02 12:45:20","2019-11-02 12:45:20"]}][line:32:C:\Development\gaz\backend\app\services\service.js]
[2019-11-02T07:46:16.833] [ERROR] trappsporte - [action: validation][msg: activo debe ser verdadero o falso][line:16:C:\Development\gaz\backend\app\utils\validator.js]
[2019-11-02T07:48:05.720] [ERROR] trappsporte - [action: validation][msg: activo debe ser verdadero o falso][line:16:C:\Development\gaz\backend\app\utils\validator.js]
[2019-11-02T07:48:12.638] [ERROR] trappsporte - [action: validation][msg: activo debe ser verdadero o falso][line:16:C:\Development\gaz\backend\app\utils\validator.js]
[2019-11-02T08:53:37.296] [ERROR] trappsporte - [action: create][msg: {}][line:42:C:\Development\gaz\backend\app\services\service.js]
[2019-11-02T08:56:20.289] [ERROR] trappsporte - [action: create][msg: {}][line:43:C:\Development\gaz\backend\app\services\service.js]
[2019-11-02T10:19:22.405] [ERROR] trappsporte - [action: login][msg: {}][line:39:C:\Development\gaz\backend\app\services\user.js]
[2019-11-02T10:20:22.158] [ERROR] trappsporte - [action: login][msg: {}][line:39:C:\Development\gaz\backend\app\services\user.js]
[2019-11-02T10:20:31.230] [ERROR] trappsporte - [action: login][msg: {}][line:39:C:\Development\gaz\backend\app\services\user.js]
[2019-11-02T10:22:49.717] [ERROR] trappsporte - [action: login][msg: {}][line:39:C:\Development\gaz\backend\app\services\user.js]
[2019-11-02T10:23:25.030] [ERROR] trappsporte - [action: login][msg: {}][line:39:C:\Development\gaz\backend\app\services\user.js]
[2019-11-02T10:28:46.545] [ERROR] trappsporte - [action: login][msg: {}][line:39:C:\Development\gaz\backend\app\services\user.js]
[2019-11-02T10:29:27.427] [ERROR] trappsporte - [action: login][msg: {}][line:36:C:\Development\gaz\backend\app\services\user.js]
[2019-11-02T10:29:27.433] [ERROR] trappsporte - [action: login][msg: {"error":{"type":"error","title":"Verificar registro","description":"El registro solicitado no existe en el sistema."},"status":404}][line:42:C:\Development\gaz\backend\app\services\user.js]
[2019-11-02T10:30:18.493] [ERROR] trappsporte - [action: login][msg: {}][line:36:C:\Development\gaz\backend\app\services\user.js]
[2019-11-02T10:30:18.493] [ERROR] trappsporte - [action: login][msg: {"error":{"type":"error","title":"Verificar registro","description":"El registro solicitado no existe en el sistema."},"status":404}][line:42:C:\Development\gaz\backend\app\services\user.js]
[2019-11-02T10:35:13.083] [ERROR] trappsporte - [action: login][msg: {}][line:56:C:\Development\gaz\backend\app\services\user.js]
[2019-11-02T10:38:59.848] [ERROR] trappsporte - [action: login][msg: {}][line:48:C:\Development\gaz\backend\app\services\user.js]
[2019-11-02T10:38:59.854] [ERROR] trappsporte - [action: login][msg: {"error":{"type":"error","title":"Verificar registro","description":"El registro solicitado no existe en el sistema."},"status":404}][line:54:C:\Development\gaz\backend\app\services\user.js]
[2019-11-02T10:41:05.674] [ERROR] trappsporte - [action: login][msg: {"error":{"type":"error","title":"Verificar registro","description":"El registro solicitado no existe en el sistema."},"status":404}][line:47:C:\Development\gaz\backend\app\services\user.js]
[2019-11-02T10:45:44.855] [ERROR] trappsporte - [action: login][msg: {"error":{"type":"error","title":"Ingreso de usuarios","description":"Los datos de acceso son incorrectos"},"status":404}][line:47:C:\Development\gaz\backend\app\services\user.js]
[2019-11-02T10:54:11.393] [ERROR] trappsporte - [action: login][msg: {}][line:50:C:\Development\gaz\backend\app\services\user.js]
[2019-11-02T10:54:30.036] [ERROR] trappsporte - [action: login][msg: {}][line:50:C:\Development\gaz\backend\app\services\user.js]
[2019-11-02T10:55:33.993] [ERROR] trappsporte - [action: login][msg: {}][line:50:C:\Development\gaz\backend\app\services\user.js]
[2019-11-02T10:58:04.941] [ERROR] trappsporte - [action: login][msg: {}][line:53:C:\Development\gaz\backend\app\services\user.js]
[2019-11-02T10:59:23.235] [ERROR] trappsporte - [action: login][msg: {}][line:51:C:\Development\gaz\backend\app\services\user.js]
[2019-11-02T10:59:24.872] [ERROR] trappsporte - [action: login][msg: {}][line:51:C:\Development\gaz\backend\app\services\user.js]
[2019-11-02T10:59:39.400] [ERROR] trappsporte - [action: login][msg: {}][line:48:C:\Development\gaz\backend\app\services\user.js]
[2019-11-02T11:01:49.301] [ERROR] trappsporte - [action: login][msg: {"error":{"type":"error","title":"Verificar registro","description":"El registro solicitado no existe en el sistema."},"status":404}][line:47:C:\Development\gaz\backend\app\services\user.js]
[2019-11-02T11:02:15.541] [ERROR] trappsporte - [action: login][msg: {"error":{"type":"error","title":"Ingreso de usuarios","description":"Los datos de acceso son incorrectos"},"status":404}][line:47:C:\Development\gaz\backend\app\services\user.js]
[2019-11-02T11:03:06.548] [ERROR] trappsporte - [action: login][msg: {"error":{"type":"error","title":"Ingreso de usuarios","description":"Los datos de acceso son incorrectos"},"status":404}][line:45:C:\Development\gaz\backend\app\services\user.js]
[2019-11-02T11:03:36.578] [ERROR] trappsporte - [action: login][msg: {"error":{"type":"error","title":"Ingreso de usuarios","description":"Los datos de acceso son incorrectos"},"status":404}][line:47:C:\Development\gaz\backend\app\services\user.js]
[2019-11-02T11:03:55.565] [ERROR] trappsporte - [action: login][msg: {"error":{"type":"error","title":"Ingreso de usuarios","description":"Los datos de acceso son incorrectos"},"status":404}][line:44:C:\Development\gaz\backend\app\services\user.js]
[2019-11-02T11:04:26.514] [ERROR] trappsporte - [action: login][msg: {"error":{"type":"error","title":"Ingreso de usuarios","description":"Los datos de acceso son incorrectos"},"status":404}][line:45:C:\Development\gaz\backend\app\services\user.js]
[2019-11-02T11:05:39.483] [ERROR] trappsporte - [action: login][msg: {"error":{"type":"error","title":"Ingreso de usuarios","description":"Los datos de acceso son incorrectos"},"status":404}][line:54:C:\Development\gaz\backend\app\services\user.js]
[2019-11-02T11:05:41.612] [ERROR] trappsporte - [action: login][msg: {"error":{"type":"error","title":"Ingreso de usuarios","description":"Los datos de acceso son incorrectos"},"status":404}][line:54:C:\Development\gaz\backend\app\services\user.js]
[2019-11-02T11:07:02.492] [ERROR] trappsporte - [action: login][msg: {"error":{"type":"error","title":"Ingreso de usuarios","description":"Los datos de acceso son incorrectos"},"status":404}][line:57:C:\Development\gaz\backend\app\services\user.js]
[2019-11-02T11:11:34.330] [ERROR] trappsporte - [action: login][msg: {"error":{"type":"error","title":"Ingreso de usuarios","description":"Los datos de acceso son incorrectos"},"status":404}][line:62:C:\Development\gaz\backend\app\services\user.js]
[2019-11-02T11:11:50.286] [ERROR] trappsporte - [action: login][msg: {"error":{"type":"error","title":"Ingreso de usuarios","description":"Los datos de acceso son incorrectos"},"status":404}][line:62:C:\Development\gaz\backend\app\services\user.js]
[2019-11-02T11:11:59.507] [ERROR] trappsporte - [action: login][msg: null][line:62:C:\Development\gaz\backend\app\services\user.js]
[2019-11-02T11:12:52.191] [ERROR] trappsporte - [action: login][msg: {"error":{"type":"error","title":"Ingreso de usuarios","description":"Los datos de acceso son incorrectos"},"status":404}][line:62:C:\Development\gaz\backend\app\services\user.js]
[2019-11-02T11:12:59.383] [ERROR] trappsporte - [action: login][msg: {"error":{"type":"error","title":"Ingreso de usuarios","description":"Los datos de acceso son incorrectos"},"status":404}][line:62:C:\Development\gaz\backend\app\services\user.js]
[2019-11-02T11:13:05.924] [ERROR] trappsporte - [action: login][msg: {"error":{"type":"error","title":"Ingreso de usuarios","description":"Los datos de acceso son incorrectos"},"status":404}][line:62:C:\Development\gaz\backend\app\services\user.js]
[2019-11-02T11:13:12.672] [ERROR] trappsporte - [action: login][msg: {"error":{"type":"error","title":"Ingreso de usuarios","description":"Los datos de acceso son incorrectos"},"status":404}][line:62:C:\Development\gaz\backend\app\services\user.js]
[2019-11-02T11:13:18.988] [ERROR] trappsporte - [action: login][msg: {}][line:62:C:\Development\gaz\backend\app\services\user.js]
[2019-11-02T11:31:51.517] [ERROR] trappsporte - [action: login][msg: {"error":{"type":"error","title":"Ingreso de usuarios","description":"El usuario está inactivo, por favor consulte con el administrador"},"status":403}][line:65:C:\Development\gaz\backend\app\services\user.js]
[2019-11-02T16:46:01.707] [ERROR] trappsporte - [action: validation][msg: correo electrónico no es válido][line:16:C:\Development\gaz\backend\app\utils\validator.js]
[2019-11-02T17:06:04.275] [ERROR] trappsporte - [action: validation][msg: UserModel.find is not a function][line:16:C:\Development\gaz\backend\app\utils\validator.js]
[2019-11-02T17:06:19.176] [ERROR] trappsporte - [action: validation][msg: UserModel.findOne is not a function][line:16:C:\Development\gaz\backend\app\utils\validator.js]
[2019-11-02T17:08:16.299] [ERROR] trappsporte - [action: validation][msg: self.findOne is not a function][line:16:C:\Development\gaz\backend\app\utils\validator.js]
[2019-11-02T17:08:37.910] [ERROR] trappsporte - [action: validation][msg: UserModel.findOne is not a function][line:16:C:\Development\gaz\backend\app\utils\validator.js]
[2019-11-02T17:08:44.898] [ERROR] trappsporte - [action: validation][msg: UserModel.findOne is not a function][line:16:C:\Development\gaz\backend\app\utils\validator.js]
[2019-11-02T17:12:32.425] [ERROR] trappsporte - [action: validation][msg: Sequelize.import is not a function][line:16:C:\Development\gaz\backend\app\utils\validator.js]
[2019-11-02T17:13:27.498] [ERROR] trappsporte - [action: validation][msg: The "path" argument must be of type string. Received type function][line:16:C:\Development\gaz\backend\app\utils\validator.js]
[2019-11-02T17:15:36.066] [ERROR] trappsporte - [action: validation][msg: correo electrónico está asociado a otro usuario][line:16:C:\Development\gaz\backend\app\utils\validator.js]
[2019-11-02T17:16:37.855] [ERROR] trappsporte - [action: validation][msg: correo electrónico está asociado a otro usuario][line:16:C:\Development\gaz\backend\app\utils\validator.js]
[2019-11-02T17:19:34.752] [ERROR] trappsporte - [action: validation][msg: correo electrónico está asociado a otro usuario, nombre de usuario está asociado a otro usuario][line:16:C:\Development\gaz\backend\app\utils\validator.js]
[2019-11-02T17:23:41.932] [ERROR] trappsporte - [action: validation][msg: Cannot find module 'C:\Development\gaz\backend\app\models\models\user.js'][line:16:C:\Development\gaz\backend\app\utils\validator.js]
[2019-11-02T17:25:29.105] [ERROR] trappsporte - [action: validation][msg: correo electrónico está asociado a otro usuario, nombre de usuario está asociado a otro usuario][line:16:C:\Development\gaz\backend\app\utils\validator.js]
[2019-11-02T17:25:33.279] [ERROR] trappsporte - [action: validation][msg: nombre de usuario está asociado a otro usuario, correo electrónico está asociado a otro usuario][line:16:C:\Development\gaz\backend\app\utils\validator.js]
[2019-11-02T17:30:00.734] [ERROR] trappsporte - [action: validation][msg: correo electrónico está asociado a otro usuario, nombre de usuario está asociado a otro usuario][line:16:C:\Development\gaz\backend\app\utils\validator.js]
[2019-11-02T17:30:59.184] [ERROR] trappsporte - [action: validation][msg: correo electrónico está asociado a otro usuario, nombre de usuario está asociado a otro usuario][line:16:C:\Development\gaz\backend\app\utils\validator.js]
[2019-11-02T17:31:43.405] [ERROR] trappsporte - [action: validation][msg: correo electrónico está asociado a otro usuario, nombre de usuario está asociado a otro usuario][line:16:C:\Development\gaz\backend\app\utils\validator.js]
[2019-11-02T17:36:14.761] [ERROR] trappsporte - [action: validation][msg: correo electrónico está asociado a otro usuario, nombre de usuario está asociado a otro usuario][line:17:C:\Development\gaz\backend\app\utils\validator.js]
[2019-11-02T17:36:55.558] [ERROR] trappsporte - [action: validation][msg: correo electrónico está asociado a otro usuario, nombre de usuario está asociado a otro usuario][line:17:C:\Development\gaz\backend\app\utils\validator.js]
[2019-11-02T17:39:20.863] [ERROR] trappsporte - [action: validation][msg: nombre está asociado a otro perfil][line:17:C:\Development\gaz\backend\app\utils\validator.js]
[2019-11-02T17:39:39.315] [ERROR] trappsporte - [action: validation][msg: nombre está asociado a otro perfil][line:17:C:\Development\gaz\backend\app\utils\validator.js]
[2019-11-02T17:39:45.088] [ERROR] trappsporte - [action: validation][msg: nombre está asociado a otro perfil][line:17:C:\Development\gaz\backend\app\utils\validator.js]
